<?xml version="1.0" encoding="UTF-8"?>
<!-- Generated by org.testng.reporters.JUnitReportReporter -->
<testsuite hostname="DESKTOP-RJOPAQ5" failures="0" tests="13" name="test.LoginPage" time="52.435" errors="0" timestamp="2023-12-25T14:03:58 IST" skipped="1">
  <testcase classname="test.LoginPage" name="test1" time="12.529"/>
  <testcase classname="test.LoginPage" name="test3" time="2.215"/>
  <testcase classname="test.LoginPage" name="test3" time="2.199"/>
  <testcase classname="test.LoginPage" name="test3" time="2.576"/>
  <testcase classname="test.LoginPage" name="test3" time="3.319"/>
  <testcase classname="test.LoginPage" name="test3" time="4.005"/>
  <testcase classname="test.LoginPage" name="test3" time="2.564"/>
  <testcase classname="test.LoginPage" name="test3" time="5.492"/>
  <testcase classname="test.LoginPage" name="test3" time="2.285"/>
  <testcase classname="test.LoginPage" name="test3" time="2.342"/>
  <testcase classname="test.LoginPage" name="test3" time="3.375"/>
  <testcase classname="test.LoginPage" name="test4" time="9.534"/>
  <testcase classname="test.LoginPage" name="test2">
    <skipped/>
  </testcase> <!-- test2 -->
</testsuite> <!-- test.LoginPage -->
