<?xml version="1.0" encoding="UTF-8"?>
<!-- Generated by org.testng.reporters.JUnitReportReporter -->
<testsuite hostname="DESKTOP-RJOPAQ5" failures="0" tests="13" name="test.Radiobuttonselection" time="34.964" errors="0" timestamp="2023-12-25T15:50:06 IST" skipped="0">
  <testcase classname="test.Radiobuttonselection" name="test1" time="9.668"/>
  <testcase classname="test.Radiobuttonselection" name="test3" time="2.485"/>
  <testcase classname="test.Radiobuttonselection" name="test3" time="2.057"/>
  <testcase classname="test.Radiobuttonselection" name="test3" time="2.018"/>
  <testcase classname="test.Radiobuttonselection" name="test3" time="2.021"/>
  <testcase classname="test.Radiobuttonselection" name="test3" time="2.027"/>
  <testcase classname="test.Radiobuttonselection" name="test3" time="2.029"/>
  <testcase classname="test.Radiobuttonselection" name="test3" time="2.123"/>
  <testcase classname="test.Radiobuttonselection" name="test3" time="2.059"/>
  <testcase classname="test.Radiobuttonselection" name="test3" time="2.395"/>
  <testcase classname="test.Radiobuttonselection" name="test3" time="2.030"/>
  <testcase classname="test.Radiobuttonselection" name="test4" time="3.453"/>
  <testcase classname="test.Radiobuttonselection" name="test5" time="0.599"/>
</testsuite> <!-- test.Radiobuttonselection -->
