<?xml version="1.0" encoding="UTF-8"?>
<!-- Generated by org.testng.reporters.JUnitReportReporter -->
<testsuite hostname="DESKTOP-RJOPAQ5" failures="0" tests="1" name="testngPracticeProject1._1testng_simpleCode" time="0.067" errors="0" timestamp="2023-12-11T00:08:29 IST" skipped="0">
  <testcase classname="testngPracticeProject1._1testng_simpleCode" name="test" time="0.067"/>
</testsuite> <!-- testngPracticeProject1._1testng_simpleCode -->
